
[06:21:55 UTC] [INFO] Image subsizes deferral enabled for import
[06:21:55 UTC] [SUCCESS] Plugin Activated | Context: {"success":true,"status":"activated","message":"Plugin Activated"}
[06:21:57 UTC] [INFO] Image subsizes deferral enabled for import
[06:22:00 UTC] [INFO] Checking if plugin directory clearing is needed
[06:22:00 UTC] [INFO] Plugin install clear directory enabled - Will clear destination directory
[06:22:00 UTC] [INFO] Plugin install clear directory options returned
[06:22:29 UTC] [INFO] Image subsizes deferral enabled for import
[06:22:29 UTC] [INFO] ---

[06:22:29 UTC] [INFO] Starting LatePoint import process
[06:22:29 UTC] [INFO] info | Context: {"file_url":"https:\/\/websitedemos.net\/wp-content\/uploads\/astra-sites\/30\/latepoint.json","timeout_seconds":300}
[06:22:30 UTC] [INFO] Image subsizes deferral enabled for import
[06:22:31 UTC] [INFO] success | Context: {"file_url":"https:\/\/websitedemos.net\/wp-content\/uploads\/astra-sites\/30\/latepoint.json","file_size":41709,"uploaded_file":"C:\\Users\\LOGIN\\Local Sites\\esaferide\\app\\public\/wp-content\/uploads\/2026\/05\/latepoint.json"}
[06:22:31 UTC] [SUCCESS] File downloaded successfully from: https://websitedemos.net/wp-content/uploads/astra-sites/30/latepoint.json
[06:22:31 UTC] [INFO] Checking if LatePoint is already loaded
[06:22:31 UTC] [INFO] LatePoint is already loaded and ready
[06:22:32 UTC] [SUCCESS] LatePoint data imported successfully
[06:22:32 UTC] [SUCCESS] Imported from https://websitedemos.net/wp-content/uploads/astra-sites/30/latepoint.json
[06:22:33 UTC] [INFO] Image subsizes deferral enabled for import
[06:22:34 UTC] [INFO] Image subsizes deferral enabled for import
[06:22:34 UTC] [SUCCESS] Plugin Activated | Context: {"success":true,"status":"activated","message":"Plugin Activated"}
[06:22:42 UTC] [INFO] Checking if plugin directory clearing is needed
[06:22:42 UTC] [INFO] Plugin install clear directory enabled - Will clear destination directory
[06:22:42 UTC] [INFO] Plugin install clear directory options returned
[06:22:42 UTC] [INFO] Image subsizes deferral enabled for import
[06:22:44 UTC] [INFO] Checking if plugin directory clearing is needed
[06:22:44 UTC] [INFO] Plugin install clear directory - Not an Astra Sites request, skipping
[06:23:06 UTC] [INFO] Image subsizes deferral enabled for import
[06:23:06 UTC] [INFO] ---

[06:23:06 UTC] [INFO] Starting import customizer settings
[06:23:06 UTC] [INFO] Importing customizer settings | Context: {"settings_count":0}
[06:23:07 UTC] [INFO] Fetched customizer data from site data | Context: {"settings_count":2}
[06:23:07 UTC] [INFO] Starting customizer settings import | Context: {"settings_count":2}
[06:23:07 UTC] [INFO] Validating customizer data keys | Context: {"keys":["astra-settings","custom-css"]}
[06:23:07 UTC] [INFO] Old customizer data backed up
[06:23:07 UTC] [SUCCESS] Astra theme settings updated | Context: {"option_key":"astra-settings"}
[06:23:08 UTC] [SUCCESS] Custom CSS updated | Context: {"option_key":"custom-css"}
[06:23:08 UTC] [SUCCESS] Customizer settings import completed successfully
[06:23:08 UTC] [SUCCESS] Customizer settings imported successfully
[06:23:09 UTC] [INFO] Image subsizes deferral enabled for import
[06:23:25 UTC] [INFO] Image subsizes deferral enabled for import
[06:23:25 UTC] [INFO] Image subsizes deferral enabled for import
[06:23:26 UTC] [INFO] ---

[06:23:26 UTC] [INFO] Starting XML preparation process
[06:23:26 UTC] [INFO] Starting XML data preparation | Context: {"wxr_url":"https:\/\/websitedemos.net\/wp-content\/uploads\/astra-sites\/30\/wxr.xml"}
[06:23:26 UTC] [INFO] info | Context: {"url":"https:\/\/websitedemos.net\/wp-content\/uploads\/astra-sites\/30\/wxr.xml","host":"websitedemos.net"}
[06:23:26 UTC] [INFO] WXR URL validation passed
[06:23:26 UTC] [INFO] Starting XML file download | Context: {"url":"https:\/\/websitedemos.net\/wp-content\/uploads\/astra-sites\/30\/wxr.xml"}
[06:23:26 UTC] [INFO] info | Context: {"file_url":"https:\/\/websitedemos.net\/wp-content\/uploads\/astra-sites\/30\/wxr.xml","timeout_seconds":300}
[06:23:27 UTC] [INFO] Checking if plugin directory clearing is needed
[06:23:27 UTC] [INFO] Plugin install clear directory - Not an Astra Sites request, skipping
[06:23:28 UTC] [INFO] success | Context: {"file_url":"https:\/\/websitedemos.net\/wp-content\/uploads\/astra-sites\/30\/wxr.xml","file_size":685721,"uploaded_file":"C:\\Users\\LOGIN\\Local Sites\\esaferide\\app\\public\/wp-content\/uploads\/2026\/05\/wxr.xml"}
[06:23:28 UTC] [SUCCESS] XML file downloaded successfully | Context: {"file_path":"C:\\Users\\LOGIN\\Local Sites\\esaferide\\app\\public\/wp-content\/uploads\/2026\/05\/wxr.xml"}
[06:23:28 UTC] [INFO] Inserting XML file as attachment | Context: {"filename":"wxr.xml"}
[06:23:28 UTC] [SUCCESS] XML attachment created | Context: {"post_id":13}
[06:23:28 UTC] [INFO] Generating attachment metadata | Context: {"post_id":13}
[06:23:28 UTC] [INFO] Parsing XML data from file | Context: {"post_id":13}
[06:23:28 UTC] [INFO] info | Context: {"xml_file_path":"C:\\Users\\LOGIN\\Local Sites\\esaferide\\app\\public\/wp-content\/uploads\/2026\/05\/wxr.xml","xml_post_id":13}
[06:23:28 UTC] [INFO] success | Context: {"xml_file_path":"C:\\Users\\LOGIN\\Local Sites\\esaferide\\app\\public\/wp-content\/uploads\/2026\/05\/wxr.xml","post_count":23,"media_count":21,"author_count":7,"comment_count":0,"term_count":9}
[06:23:28 UTC] [SUCCESS] XML data preparation completed successfully | Context: {"post_id":13,"has_data":true}
[06:23:30 UTC] [INFO] Image subsizes deferral enabled for import
[06:23:37 UTC] [INFO] Image subsizes deferral enabled for import
[06:23:37 UTC] [INFO] info | Context: {"xml_url_provided":false}
[06:23:37 UTC] [INFO] info | Context: {"xml_url":"C:\\Users\\LOGIN\\Local Sites\\esaferide\\app\\public\/wp-content\/uploads\/2026\/05\/wxr.xml","file_size":685721}
[06:23:38 UTC] [INFO] Image subsizes deferral enabled for import
[06:24:49 UTC] [INFO] Image subsizes deferral enabled for import
[06:24:57 UTC] [INFO] success | Context: {"post_id":1463,"post_type":"page","original_id":2,"post_title":"Home"}
[06:24:58 UTC] [INFO] success | Context: {"post_id":19,"post_type":"page","original_id":19,"post_title":"About"}
[06:24:58 UTC] [INFO] success | Context: {"post_id":21,"post_type":"page","original_id":21,"post_title":"Services"}
[06:24:58 UTC] [INFO] success | Context: {"post_id":129,"post_type":"custom_css","original_id":129,"post_title":"astra"}
[06:24:58 UTC] [INFO] success | Context: {"post_id":685,"post_type":"custom_css","original_id":685,"post_title":"astra-theme-child"}
[06:24:58 UTC] [INFO] success | Context: {"post_id":724,"post_type":"nav_menu_item","original_id":724,"post_title":""}
[06:24:58 UTC] [INFO] success | Context: {"post_id":725,"post_type":"nav_menu_item","original_id":725,"post_title":""}
[06:24:58 UTC] [INFO] success | Context: {"post_id":726,"post_type":"nav_menu_item","original_id":726,"post_title":""}
[06:24:59 UTC] [INFO] success | Context: {"post_id":727,"post_type":"nav_menu_item","original_id":727,"post_title":""}
[06:24:59 UTC] [INFO] success | Context: {"post_id":1085,"post_type":"elementor-hf","original_id":1085,"post_title":"Footer"}
[06:24:59 UTC] [INFO] success | Context: {"post_id":1399,"post_type":"elementor_library","original_id":1399,"post_title":"Default Kit"}
[06:24:59 UTC] [INFO] success | Context: {"post_id":1439,"post_type":"nav_menu_item","original_id":1439,"post_title":"Home"}
[06:24:59 UTC] [INFO] success | Context: {"post_id":1440,"post_type":"nav_menu_item","original_id":1440,"post_title":"About"}
[06:24:59 UTC] [INFO] success | Context: {"post_id":1441,"post_type":"nav_menu_item","original_id":1441,"post_title":"Services"}
[06:24:59 UTC] [INFO] success | Context: {"post_id":1442,"post_type":"nav_menu_item","original_id":1442,"post_title":"Contact"}
[06:25:00 UTC] [INFO] success | Context: {"post_id":1443,"post_type":"nav_menu_item","original_id":1443,"post_title":"Project"}
[06:25:00 UTC] [INFO] success | Context: {"post_id":1444,"post_type":"nav_menu_item","original_id":1444,"post_title":"Our Team"}
[06:25:00 UTC] [INFO] success | Context: {"post_id":1445,"post_type":"nav_menu_item","original_id":1445,"post_title":"Facts"}
[06:25:00 UTC] [INFO] success | Context: {"post_id":1446,"post_type":"nav_menu_item","original_id":1446,"post_title":"Customers"}
[06:25:01 UTC] [INFO] success | Context: {"post_id":25,"post_type":"page","original_id":25,"post_title":"Contact"}
[06:25:02 UTC] [INFO] success | Context: {"post_id":1664,"post_type":"wp_global_styles","original_id":1664,"post_title":"Custom Styles"}
[06:25:02 UTC] [INFO] success | Context: {"post_id":2513,"post_type":"page","original_id":2513,"post_title":"Customer Cabinet"}
[06:25:02 UTC] [INFO] success | Context: {"post_id":2608,"post_type":"sureforms_form","original_id":2608,"post_title":"Simple Contact Form"}
[06:25:02 UTC] [INFO] success | Context: {"xml_url":"C:\\Users\\LOGIN\\Local Sites\\esaferide\\app\\public\/wp-content\/uploads\/2026\/05\/wxr.xml"}
[06:25:03 UTC] [INFO] Image subsizes deferral enabled for import
[06:25:33 UTC] [INFO] Image subsizes deferral enabled for import
[06:25:33 UTC] [INFO] ---

[06:25:33 UTC] [INFO] Starting import options
[06:25:33 UTC] [INFO] Importing site options | Context: {"options":[]}
[06:25:33 UTC] [INFO] Starting site options import | Context: {"options_count":62}
[06:25:33 UTC] [INFO] Old site options backed up
[06:25:33 UTC] [INFO] Processing option | Context: {"option_name":"woocommerce_product_attributes"}
[06:25:33 UTC] [INFO] Updating standard option | Context: {"option_name":"woocommerce_product_attributes"}
[06:25:33 UTC] [INFO] Processing option | Context: {"option_name":"woocommerce_product_cat_list"}
[06:25:33 UTC] [INFO] Updating standard option | Context: {"option_name":"woocommerce_product_cat_list"}
[06:25:34 UTC] [INFO] Processing option | Context: {"option_name":"woocommerce_product_cat"}
[06:25:34 UTC] [INFO] Updating standard option | Context: {"option_name":"woocommerce_product_cat"}
[06:25:34 UTC] [INFO] Processing option | Context: {"option_name":"custom_logo"}
[06:25:34 UTC] [INFO] Importing custom logo | Context: {"logo_id":"https:\/\/websitedemos.net\/agency-02\/wp-content\/uploads\/sites\/30\/2020\/06\/site-logo-white.svg"}
[06:25:34 UTC] [INFO] info | Context: {"url":"https:\/\/websitedemos.net\/agency-02\/wp-content\/uploads\/sites\/30\/2020\/06\/site-logo-white.svg"}
[06:25:34 UTC] [INFO] info | Context: {"url":"https:\/\/websitedemos.net\/agency-02\/wp-content\/uploads\/sites\/30\/2020\/06\/site-logo-white.svg","sha1":"763322d00d1ba959e63604692a4336760cbd3428"}
[06:25:34 UTC] [INFO] info | Context: {"url":"https:\/\/websitedemos.net\/agency-02\/wp-content\/uploads\/sites\/30\/2020\/06\/site-logo-white.svg","sha1":"763322d00d1ba959e63604692a4336760cbd3428"}
[06:25:34 UTC] [INFO] success | Context: {"url":"https:\/\/websitedemos.net\/agency-02\/wp-content\/uploads\/sites\/30\/2020\/06\/site-logo-white.svg","attachment_id":"1327","attachment_url":"http:\/\/esaferide.local\/wp-content\/uploads\/2020\/06\/site-logo-white.svg"}
[06:25:34 UTC] [INFO] success | Context: {"url":"https:\/\/websitedemos.net\/agency-02\/wp-content\/uploads\/sites\/30\/2020\/06\/site-logo-white.svg","attachment_id":"1327"}
[06:25:34 UTC] [INFO] success | Context: {"url":"https:\/\/websitedemos.net\/agency-02\/wp-content\/uploads\/sites\/30\/2020\/06\/site-logo-white.svg","attachment_id":"1327","logo_url":"http:\/\/esaferide.local\/wp-content\/uploads\/2020\/06\/site-logo-white.svg"}
[06:25:34 UTC] [INFO] Processing option | Context: {"option_name":"nav_menu_locations"}
[06:25:34 UTC] [INFO] Setting navigation menu locations | Context: {"menu_count":2}
[06:25:34 UTC] [INFO] info | Context: {"total_locations":2}
[06:25:34 UTC] [INFO] info | Context: {"location":"primary","slug":"top-nav","menu_id":6}
[06:25:34 UTC] [INFO] info | Context: {"location":"footer_menu","slug":"company","menu_id":5}
[06:25:34 UTC] [INFO] success | Context: {"successful_mappings":2,"failed_locations":[],"total_locations":2}
[06:25:34 UTC] [INFO] Processing option | Context: {"option_name":"show_on_front"}
[06:25:34 UTC] [INFO] Updating standard option | Context: {"option_name":"show_on_front"}
[06:25:34 UTC] [INFO] Processing option | Context: {"option_name":"page_on_front"}
[06:25:34 UTC] [INFO] Updating page ID option | Context: {"option_name":"page_on_front","option_value":"Home"}
[06:25:34 UTC] [INFO] info | Context: {"option_name":"page_on_front","option_value":"Home"}
[06:25:34 UTC] [INFO] success | Context: {"option_name":"page_on_front","page_title":"Home","page_id":1463}
[06:25:34 UTC] [INFO] Processing option | Context: {"option_name":"page_for_posts"}
[06:25:34 UTC] [INFO] Updating page ID option | Context: {"option_name":"page_for_posts","option_value":""}
[06:25:34 UTC] [INFO] warning | Context: {"option_name":"page_for_posts"}
[06:25:34 UTC] [INFO] Option value is null, skipping | Context: {"option_name":"_fl_builder_enabled_icons"}
[06:25:34 UTC] [INFO] Option value is null, skipping | Context: {"option_name":"_fl_builder_enabled_modules"}
[06:25:34 UTC] [INFO] Option value is null, skipping | Context: {"option_name":"_fl_builder_post_types"}
[06:25:34 UTC] [INFO] Processing option | Context: {"option_name":"_fl_builder_color_presets"}
[06:25:34 UTC] [INFO] Updating standard option | Context: {"option_name":"_fl_builder_color_presets"}
[06:25:34 UTC] [INFO] Option value is null, skipping | Context: {"option_name":"_fl_builder_services"}
[06:25:34 UTC] [INFO] Option value is null, skipping | Context: {"option_name":"_fl_builder_settings"}
[06:25:34 UTC] [INFO] Option value is null, skipping | Context: {"option_name":"_fl_builder_user_access"}
[06:25:34 UTC] [INFO] Option value is null, skipping | Context: {"option_name":"_fl_builder_enabled_templates"}
[06:25:34 UTC] [INFO] Processing option | Context: {"option_name":"elementor_container_width"}
[06:25:34 UTC] [INFO] Updating standard option | Context: {"option_name":"elementor_container_width"}
[06:25:34 UTC] [INFO] Processing option | Context: {"option_name":"elementor_cpt_support"}
[06:25:34 UTC] [INFO] Updating standard option | Context: {"option_name":"elementor_cpt_support"}
[06:25:34 UTC] [INFO] Processing option | Context: {"option_name":"elementor_css_print_method"}
[06:25:34 UTC] [INFO] Updating standard option | Context: {"option_name":"elementor_css_print_method"}
[06:25:34 UTC] [INFO] Processing option | Context: {"option_name":"elementor_default_generic_fonts"}
[06:25:34 UTC] [INFO] Updating standard option | Context: {"option_name":"elementor_default_generic_fonts"}
[06:25:34 UTC] [INFO] Processing option | Context: {"option_name":"elementor_disable_color_schemes"}
[06:25:34 UTC] [INFO] Updating standard option | Context: {"option_name":"elementor_disable_color_schemes"}
[06:25:34 UTC] [INFO] Processing option | Context: {"option_name":"elementor_disable_typography_schemes"}
[06:25:34 UTC] [INFO] Updating standard option | Context: {"option_name":"elementor_disable_typography_schemes"}
[06:25:34 UTC] [INFO] Processing option | Context: {"option_name":"elementor_editor_break_lines"}
[06:25:34 UTC] [INFO] Updating standard option | Context: {"option_name":"elementor_editor_break_lines"}
[06:25:34 UTC] [INFO] Processing option | Context: {"option_name":"elementor_exclude_user_roles"}
[06:25:34 UTC] [INFO] Updating standard option | Context: {"option_name":"elementor_exclude_user_roles"}
[06:25:34 UTC] [INFO] Processing option | Context: {"option_name":"elementor_global_image_lightbox"}
[06:25:34 UTC] [INFO] Updating standard option | Context: {"option_name":"elementor_global_image_lightbox"}
[06:25:34 UTC] [INFO] Processing option | Context: {"option_name":"elementor_page_title_selector"}
[06:25:34 UTC] [INFO] Updating standard option | Context: {"option_name":"elementor_page_title_selector"}
[06:25:34 UTC] [INFO] Processing option | Context: {"option_name":"elementor_scheme_color"}
[06:25:34 UTC] [INFO] Updating standard option | Context: {"option_name":"elementor_scheme_color"}
[06:25:34 UTC] [INFO] Processing option | Context: {"option_name":"elementor_scheme_color-picker]"}
[06:25:34 UTC] [INFO] Updating standard option | Context: {"option_name":"elementor_scheme_color-picker]"}
[06:25:34 UTC] [INFO] Processing option | Context: {"option_name":"elementor_scheme_typography"}
[06:25:34 UTC] [INFO] Updating standard option | Context: {"option_name":"elementor_scheme_typography"}
[06:25:34 UTC] [INFO] Processing option | Context: {"option_name":"elementor_space_between_widgets"}
[06:25:34 UTC] [INFO] Updating standard option | Context: {"option_name":"elementor_space_between_widgets"}
[06:25:34 UTC] [INFO] Processing option | Context: {"option_name":"elementor_stretched_section_container"}
[06:25:34 UTC] [INFO] Updating standard option | Context: {"option_name":"elementor_stretched_section_container"}
[06:25:34 UTC] [INFO] Processing option | Context: {"option_name":"elementor_load_fa4_shim"}
[06:25:34 UTC] [INFO] Updating standard option | Context: {"option_name":"elementor_load_fa4_shim"}
[06:25:34 UTC] [INFO] Processing option | Context: {"option_name":"elementor_active_kit"}
[06:25:34 UTC] [INFO] Setting up Elementor kit
[06:25:34 UTC] [INFO] Starting Elementor kit setup
[06:25:34 UTC] [INFO] Querying for Elementor kit posts | Context: {"post_type":"elementor_library"}
[06:25:34 UTC] [SUCCESS] Elementor active kit set successfully | Context: {"kit_id":1399}
[06:25:34 UTC] [INFO] Processing option | Context: {"option_name":"elementor_experiment-container"}
[06:25:34 UTC] [INFO] Updating standard option | Context: {"option_name":"elementor_experiment-container"}
[06:25:34 UTC] [INFO] Processing option | Context: {"option_name":"elementor_install_history"}
[06:25:34 UTC] [INFO] Updating standard option | Context: {"option_name":"elementor_install_history"}
[06:25:34 UTC] [INFO] Processing option | Context: {"option_name":"woocommerce_shop_page_title"}
[06:25:34 UTC] [INFO] Updating standard option | Context: {"option_name":"woocommerce_shop_page_title"}
[06:25:34 UTC] [INFO] Processing option | Context: {"option_name":"woocommerce_cart_page_title"}
[06:25:34 UTC] [INFO] Updating standard option | Context: {"option_name":"woocommerce_cart_page_title"}
[06:25:34 UTC] [INFO] Processing option | Context: {"option_name":"woocommerce_checkout_page_title"}
[06:25:34 UTC] [INFO] Updating standard option | Context: {"option_name":"woocommerce_checkout_page_title"}
[06:25:34 UTC] [INFO] Processing option | Context: {"option_name":"woocommerce_myaccount_page_title"}
[06:25:34 UTC] [INFO] Updating standard option | Context: {"option_name":"woocommerce_myaccount_page_title"}
[06:25:34 UTC] [INFO] Processing option | Context: {"option_name":"woocommerce_edit_address_page_title"}
[06:25:34 UTC] [INFO] Updating standard option | Context: {"option_name":"woocommerce_edit_address_page_title"}
[06:25:34 UTC] [INFO] Processing option | Context: {"option_name":"woocommerce_view_order_page_title"}
[06:25:34 UTC] [INFO] Updating standard option | Context: {"option_name":"woocommerce_view_order_page_title"}
[06:25:34 UTC] [INFO] Processing option | Context: {"option_name":"woocommerce_change_password_page_title"}
[06:25:34 UTC] [INFO] Updating standard option | Context: {"option_name":"woocommerce_change_password_page_title"}
[06:25:34 UTC] [INFO] Processing option | Context: {"option_name":"woocommerce_logout_page_title"}
[06:25:34 UTC] [INFO] Updating standard option | Context: {"option_name":"woocommerce_logout_page_title"}
[06:25:34 UTC] [INFO] Option value is null, skipping | Context: {"option_name":"woocommerce_enable_guest_checkout"}
[06:25:34 UTC] [INFO] Option value is null, skipping | Context: {"option_name":"woocommerce_enable_checkout_login_reminder"}
[06:25:34 UTC] [INFO] Processing option | Context: {"option_name":"woocommerce_enable_signup_and_login_from_checkout"}
[06:25:34 UTC] [INFO] Updating standard option | Context: {"option_name":"woocommerce_enable_signup_and_login_from_checkout"}
[06:25:34 UTC] [INFO] Processing option | Context: {"option_name":"woocommerce_enable_myaccount_registration"}
[06:25:34 UTC] [INFO] Updating standard option | Context: {"option_name":"woocommerce_enable_myaccount_registration"}
[06:25:34 UTC] [INFO] Processing option | Context: {"option_name":"woocommerce_registration_generate_username"}
[06:25:34 UTC] [INFO] Updating standard option | Context: {"option_name":"woocommerce_registration_generate_username"}
[06:25:34 UTC] [INFO] Option value is null, skipping | Context: {"option_name":"edd_settings"}
[06:25:34 UTC] [INFO] Processing option | Context: {"option_name":"wpforms_settings"}
[06:25:34 UTC] [INFO] Updating standard option | Context: {"option_name":"wpforms_settings"}
[06:25:34 UTC] [INFO] Option value is null, skipping | Context: {"option_name":"learndash_settings_theme_ld30"}
[06:25:34 UTC] [INFO] Option value is null, skipping | Context: {"option_name":"learndash_settings_courses_themes"}
[06:25:34 UTC] [INFO] Option value is null, skipping | Context: {"option_name":"srfm_general_settings_options"}
[06:25:34 UTC] [INFO] Option value is null, skipping | Context: {"option_name":"get_default_dynamic_block_option"}
[06:25:34 UTC] [INFO] Option value is null, skipping | Context: {"option_name":"srfm_default_dynamic_block_option"}
[06:25:34 UTC] [INFO] Option value is null, skipping | Context: {"option_name":"srfm_email_summary_settings_options"}
[06:25:34 UTC] [INFO] Option value is null, skipping | Context: {"option_name":"srfm_security_settings_options"}
[06:25:34 UTC] [INFO] Option value is null, skipping | Context: {"option_name":"cfvsw_global"}
[06:25:34 UTC] [INFO] Option value is null, skipping | Context: {"option_name":"cfvsw_shop"}
[06:25:34 UTC] [INFO] Option value is null, skipping | Context: {"option_name":"cfvsw_style"}
[06:25:35 UTC] [INFO] Processing option | Context: {"option_name":"astra-color-palettes"}
[06:25:35 UTC] [INFO] Updating standard option | Context: {"option_name":"astra-color-palettes"}
[06:25:35 UTC] [INFO] Processing option | Context: {"option_name":"astra-typography-presets"}
[06:25:35 UTC] [INFO] Updating standard option | Context: {"option_name":"astra-typography-presets"}
[06:25:35 UTC] [INFO] Running st_importer_import_site_options action
[06:25:35 UTC] [INFO] Processing site options import - Total options: 62
[06:25:35 UTC] [INFO] Updated option: woocommerce_product_attributes
[06:25:35 UTC] [INFO] Updated option: woocommerce_product_cat_list
[06:25:35 UTC] [INFO] Processing WooCommerce product categories - Total: 0
[06:25:35 UTC] [SUCCESS] WooCommerce product categories processed successfully
[06:25:35 UTC] [INFO] Inserting custom logo from URL: https://websitedemos.net/agency-02/wp-content/uploads/sites/30/2020/06/site-logo-white.svg
[06:25:35 UTC] [INFO] Starting image import for URL: https://websitedemos.net/agency-02/wp-content/uploads/sites/30/2020/06/site-logo-white.svg
[06:25:35 UTC] [INFO] Image already exists in media library (ID: 1327), skipping download
[06:25:35 UTC] [SUCCESS] Custom logo set successfully - ID: 1327
[06:25:35 UTC] [INFO] Setting nav menu locations - Total menus: 2
[06:25:35 UTC] [INFO] Menu location 'primary' set to term ID: 6
[06:25:35 UTC] [INFO] Menu location 'footer_menu' set to term ID: 5
[06:25:35 UTC] [SUCCESS] Nav menu locations updated successfully
[06:25:35 UTC] [INFO] Updated option: show_on_front | Context: "page"
[06:25:35 UTC] [INFO] Updating page ID for option: page_on_front with value: Home
[06:25:35 UTC] [INFO] Page ID updated for page_on_front: 1463
[06:25:35 UTC] [INFO] Updating page ID for option: page_for_posts with value: 
[06:25:35 UTC] [INFO] Updated option: _fl_builder_color_presets | Context: ["0085ba"]
[06:25:35 UTC] [INFO] Updated option: elementor_container_width | Context: "1200"
[06:25:35 UTC] [INFO] Updated option: elementor_cpt_support | Context: ["post","page"]
[06:25:35 UTC] [INFO] Updated option: elementor_css_print_method | Context: "external"
[06:25:35 UTC] [INFO] Updated option: elementor_default_generic_fonts | Context: "Sans-serif"
[06:25:35 UTC] [INFO] Updated option: elementor_disable_color_schemes | Context: "yes"
[06:25:35 UTC] [INFO] Updated option: elementor_disable_typography_schemes | Context: "yes"
[06:25:35 UTC] [INFO] Updated option: elementor_editor_break_lines
[06:25:35 UTC] [INFO] Updated option: elementor_exclude_user_roles
[06:25:35 UTC] [INFO] Updated option: elementor_global_image_lightbox | Context: "yes"
[06:25:35 UTC] [INFO] Updated option: elementor_page_title_selector
[06:25:35 UTC] [INFO] Updated option: elementor_scheme_color | Context: {"1":"#6ec1e4","2":"#54595f","3":"#7a7a7a","4":"#61ce70"}
[06:25:35 UTC] [INFO] Updated option: elementor_scheme_color-picker] | Context: {"1":"#6ec1e4","2":"#54595f","3":"#7a7a7a","4":"#61ce70","5":"#4054b2","6":"#23a455","7":"#000","8":"#fff"}
[06:25:35 UTC] [INFO] Updated option: elementor_scheme_typography | Context: {"1":{"font_family":"Roboto","font_weight":"600"},"2":{"font_family":"Roboto Slab","font_weight":"400"},"3":{"font_family":"Roboto","font_weight":"400"},"4":{"font_family":"Roboto","font_weight":"500"}}
[06:25:35 UTC] [INFO] Updated option: elementor_space_between_widgets
[06:25:35 UTC] [INFO] Updated option: elementor_stretched_section_container
[06:25:35 UTC] [INFO] Updated option: elementor_load_fa4_shim | Context: "yes"
[06:25:35 UTC] [INFO] Searching for Elementor kit to set as active
[06:25:35 UTC] [INFO] Elementor active kit set to ID: 1399
[06:25:35 UTC] [INFO] Updated option: elementor_experiment-container | Context: "active"
[06:25:35 UTC] [INFO] Updated option: elementor_install_history | Context: {"3.0.4":1598836849,"3.0.6":1599622037,"3.0.8.1":1600150941,"3.0.9":1600852578,"3.0.11":1601544892,"3.0.12":1603252076,"3.0.13":1604895685,"3.0.14":1607402791,"3.0.16":1610345539,"3.1.1":1613990610,"3.1.2":1614751485,"3.1.3":1614832508,"3.1.4":1615783134,"3.2.2":1619505617,"3.2.3":1620372309,"3.2.4":1622515091,"3.2.5":1623982487,"3.3.1":1627551031,"3.4.2":1629700012,"3.4.8":1638364349,"3.5.3":1640767310,"3.5.6":1646319939,"3.6.1":1648527070,"3.6.4":1649911089}
[06:25:35 UTC] [INFO] Updating WooCommerce page ID for option: woocommerce_shop_page_title with value: 
[06:25:35 UTC] [INFO] Updating page ID for option: woocommerce_shop_page_id with value: 
[06:25:35 UTC] [INFO] Updating WooCommerce page ID for option: woocommerce_cart_page_title with value: 
[06:25:35 UTC] [INFO] Updating page ID for option: woocommerce_cart_page_id with value: 
[06:25:35 UTC] [INFO] Updating WooCommerce page ID for option: woocommerce_checkout_page_title with value: 
[06:25:35 UTC] [INFO] Updating page ID for option: woocommerce_checkout_page_id with value: 
[06:25:35 UTC] [INFO] Updating WooCommerce page ID for option: woocommerce_myaccount_page_title with value: 
[06:25:35 UTC] [INFO] Updating page ID for option: woocommerce_myaccount_page_id with value: 
[06:25:35 UTC] [INFO] Updating WooCommerce page ID for option: woocommerce_edit_address_page_title with value: 
[06:25:35 UTC] [INFO] Updating page ID for option: woocommerce_edit_address_page_id with value: 
[06:25:35 UTC] [INFO] Updating WooCommerce page ID for option: woocommerce_view_order_page_title with value: 
[06:25:35 UTC] [INFO] Updating page ID for option: woocommerce_view_order_page_id with value: 
[06:25:35 UTC] [INFO] Updating WooCommerce page ID for option: woocommerce_change_password_page_title with value: 
[06:25:35 UTC] [INFO] Updating page ID for option: woocommerce_change_password_page_id with value: 
[06:25:35 UTC] [INFO] Updating WooCommerce page ID for option: woocommerce_logout_page_title with value: 
[06:25:35 UTC] [INFO] Updating page ID for option: woocommerce_logout_page_id with value: 
[06:25:35 UTC] [INFO] Updated option: woocommerce_enable_signup_and_login_from_checkout | Context: "no"
[06:25:35 UTC] [INFO] Updated option: woocommerce_enable_myaccount_registration | Context: "no"
[06:25:35 UTC] [INFO] Updated option: woocommerce_registration_generate_username | Context: "no"
[06:25:35 UTC] [INFO] Updated option: wpforms_settings | Context: {"disable-css":"2","global-assets":false,"gdpr":false,"modern-markup":"0","modern-markup-is-set":true}
[06:25:35 UTC] [INFO] Updated option: astra-color-palettes | Context: {"currentPalette":"palette_1","palettes":{"palette_1":["#6878d6","#4d61d6","#242a56","#393a56","#eff2ff","#ffffff","#eff2ff","#242a56","#BFD1FF"],"palette_2":["#0274be","#3a3a3a","#3a3a3a","#4B4F58","#F5F5F5","#ffffff","#F2F5F7","#424242","#000000"],"palette_3":["#0274be","#3a3a3a","#3a3a3a","#4b4f58","#f5f5f5","#ffffff","#F2F5F7","#000000","#000000"],"palette_4":["#0085FF","#0177E3","#FFFFFF","#E7F6FF","#212A37","#0F172A","#4F5B62","#070614","#222222"]},"flag":true,"presets":{"Oak":["#0067FF","#005EE9","#0F172A","#364151","#E7F6FF","#FFFFFF","#D1DAE5","#070614","#222222"],"Viola":["#6528F7","#5511F8","#0F172A","#454F5E","#F2F0FE","#FFFFFF","#D8D8F5","#0D0614","#222222"],"Cedar":["#DD183B","#CC1939","#0F172A","#3A3A3A","#FFEDE6","#FFFFFF","#FFD1BF","#140609","#222222"],"Willow":["#54B435","#379237","#0F172A","#2F3B40","#EDFBE2","#FFFFFF","#D5EAD8","#0C1406","#222222"],"Lily":["#DCA54A","#D09A40","#0F172A","#4A4A4A","#FAF5E5","#FFFFFF","#F0E6C5","#141004","#222222"],"Rose":["#FB5FAB","#EA559D","#0F172A","#454F5E","#FCEEF5","#FFFFFF","#FAD8E9","#140610","#222222"],"Sage":["#1B9C85","#178E79","#0F172A","#454F5E","#EDF6EE","#FFFFFF","#D4F3D7","#06140C","#222222"],"Flare":["#FD9800","#E98C00","#0F172A","#454F5E","#FEF9E1","#FFFFFF","#F9F0C8","#141006","#222222"],"Maple":["#FF6210","#F15808","#1C0D0A","#353535","#FEF1E4","#FFFFFF","#E5D7D1","#140B06","#222222"],"Birch":["#737880","#65696F","#151616","#393C40","#F6F6F6","#FFFFFF","#F1F0F0","#232529","#222222"],"Dark":["#0085FF","#0177E3","#FFFFFF","#E7F6FF","#212A37","#0F172A","#4F5B62","#070614","#222222"]}}
[06:25:35 UTC] [INFO] Updated option: astra-typography-presets
[06:25:35 UTC] [SUCCESS] Classic templates options import completed successfully
[06:25:35 UTC] [SUCCESS] Site options import completed successfully | Context: {"processed_count":42,"skipped_count":20,"total_count":62}
[06:25:35 UTC] [SUCCESS] Site options Imported!
[06:25:35 UTC] [INFO] Image subsizes deferral enabled for import
[06:25:35 UTC] [INFO] ---

[06:25:35 UTC] [INFO] Starting import widgets
[06:25:35 UTC] [INFO] Importing widgets
[06:25:35 UTC] [INFO] Starting widgets import
[06:25:35 UTC] [INFO] Processing widget data | Context: {"data_type":"string","widgets_data_type":"string"}
[06:25:35 UTC] [INFO] Parsing widget data from JSON string
[06:25:35 UTC] [INFO] Importing widget data via ST_Widget_Importer
[06:25:36 UTC] [INFO] Starting widget import process
[06:25:36 UTC] [INFO] Checking available widgets | Context: {"widget_control_count":22}
[06:25:36 UTC] [INFO] Widget availability check completed | Context: {"available_widget_count":18,"available_widgets":["pages","calendar","archives","media_audio","media_image","media_gallery","media_video","meta","search","text","categories","recent-posts","recent-comments","rss","tag_cloud","nav_menu","custom_html","block"]}
[06:25:36 UTC] [INFO] Loaded widget configuration | Context: {"available_widget_types":18,"sidebar_count":5}
[06:25:36 UTC] [INFO] Processing sidebars from import data | Context: {"sidebar_count_in_data":5}
[06:25:36 UTC] [INFO] Processing sidebar: sidebar-1 | Context: {"sidebar_name":"Main Sidebar","widget_count":6,"availability":"available"}
[06:25:36 UTC] [INFO] Processing widget: search-2 | Context: {"widget_type":"search","instance_id":"2","sidebar_id":"sidebar-1"}
[06:25:36 UTC] [INFO] Widget data formatted and saved: search | Context: {"widget_type":"search","instance_count":2,"update_result":true}
[06:25:36 UTC] [SUCCESS] Widget imported successfully: search-1 | Context: {"widget_type":"search","new_instance_id":"search-1","sidebar_id":"sidebar-1","widget_title":"No Title"}
[06:25:36 UTC] [INFO] Processing widget: recent-posts-2 | Context: {"widget_type":"recent-posts","instance_id":"2","sidebar_id":"sidebar-1"}
[06:25:36 UTC] [INFO] Widget data formatted and saved: recent-posts | Context: {"widget_type":"recent-posts","instance_count":2,"update_result":true}
[06:25:36 UTC] [SUCCESS] Widget imported successfully: recent-posts-1 | Context: {"widget_type":"recent-posts","new_instance_id":"recent-posts-1","sidebar_id":"sidebar-1","widget_title":"No Title"}
[06:25:36 UTC] [INFO] Processing widget: recent-comments-2 | Context: {"widget_type":"recent-comments","instance_id":"2","sidebar_id":"sidebar-1"}
[06:25:36 UTC] [INFO] Widget data formatted and saved: recent-comments | Context: {"widget_type":"recent-comments","instance_count":2,"update_result":true}
[06:25:36 UTC] [SUCCESS] Widget imported successfully: recent-comments-1 | Context: {"widget_type":"recent-comments","new_instance_id":"recent-comments-1","sidebar_id":"sidebar-1","widget_title":"No Title"}
[06:25:36 UTC] [INFO] Processing widget: archives-2 | Context: {"widget_type":"archives","instance_id":"2","sidebar_id":"sidebar-1"}
[06:25:36 UTC] [INFO] Widget data formatted and saved: archives | Context: {"widget_type":"archives","instance_count":2,"update_result":true}
[06:25:36 UTC] [SUCCESS] Widget imported successfully: archives-1 | Context: {"widget_type":"archives","new_instance_id":"archives-1","sidebar_id":"sidebar-1","widget_title":"No Title"}
[06:25:36 UTC] [INFO] Processing widget: categories-2 | Context: {"widget_type":"categories","instance_id":"2","sidebar_id":"sidebar-1"}
[06:25:36 UTC] [INFO] Widget data formatted and saved: categories | Context: {"widget_type":"categories","instance_count":3,"update_result":true}
[06:25:36 UTC] [SUCCESS] Widget imported successfully: categories-2 | Context: {"widget_type":"categories","new_instance_id":"categories-2","sidebar_id":"sidebar-1","widget_title":"No Title"}
[06:25:36 UTC] [INFO] Processing widget: meta-2 | Context: {"widget_type":"meta","instance_id":"2","sidebar_id":"sidebar-1"}
[06:25:36 UTC] [INFO] Widget data formatted and saved: meta | Context: {"widget_type":"meta","instance_count":2,"update_result":true}
[06:25:36 UTC] [SUCCESS] Widget imported successfully: meta-1 | Context: {"widget_type":"meta","new_instance_id":"meta-1","sidebar_id":"sidebar-1","widget_title":"No Title"}
[06:25:36 UTC] [INFO] Processing sidebar: footer-widget-1 | Context: {"sidebar_name":"Footer Builder Widget 1","widget_count":1,"availability":"available"}
[06:25:36 UTC] [INFO] Processing widget: text-10 | Context: {"widget_type":"text","instance_id":"10","sidebar_id":"footer-widget-1"}
[06:25:36 UTC] [INFO] Widget data formatted and saved: text | Context: {"widget_type":"text","instance_count":3,"update_result":true}
[06:25:36 UTC] [SUCCESS] Widget imported successfully: text-2 | Context: {"widget_type":"text","new_instance_id":"text-2","sidebar_id":"footer-widget-1","widget_title":"No Title"}
[06:25:36 UTC] [INFO] Processing sidebar: footer-widget-2 | Context: {"sidebar_name":"Footer Builder Widget 2","widget_count":1,"availability":"available"}
[06:25:36 UTC] [INFO] Processing widget: nav_menu-5 | Context: {"widget_type":"nav_menu","instance_id":"5","sidebar_id":"footer-widget-2"}
[06:25:36 UTC] [INFO] Widget data formatted and saved: nav_menu | Context: {"widget_type":"nav_menu","instance_count":2,"update_result":true}
[06:25:36 UTC] [SUCCESS] Widget imported successfully: nav_menu-1 | Context: {"widget_type":"nav_menu","new_instance_id":"nav_menu-1","sidebar_id":"footer-widget-2","widget_title":"Company"}
[06:25:36 UTC] [INFO] Processing sidebar: footer-widget-3 | Context: {"sidebar_name":"Footer Builder Widget 3","widget_count":1,"availability":"available"}
[06:25:36 UTC] [INFO] Processing widget: nav_menu-6 | Context: {"widget_type":"nav_menu","instance_id":"6","sidebar_id":"footer-widget-3"}
[06:25:36 UTC] [INFO] Widget data formatted and saved: nav_menu | Context: {"widget_type":"nav_menu","instance_count":3,"update_result":true}
[06:25:36 UTC] [SUCCESS] Widget imported successfully: nav_menu-2 | Context: {"widget_type":"nav_menu","new_instance_id":"nav_menu-2","sidebar_id":"footer-widget-3","widget_title":"Business"}
[06:25:36 UTC] [INFO] Processing sidebar: footer-widget-4 | Context: {"sidebar_name":"Footer Builder Widget 4","widget_count":1,"availability":"available"}
[06:25:36 UTC] [INFO] Processing widget: text-11 | Context: {"widget_type":"text","instance_id":"11","sidebar_id":"footer-widget-4"}
[06:25:36 UTC] [INFO] Widget data formatted and saved: text | Context: {"widget_type":"text","instance_count":4,"update_result":true}
[06:25:36 UTC] [SUCCESS] Widget imported successfully: text-3 | Context: {"widget_type":"text","new_instance_id":"text-3","sidebar_id":"footer-widget-4","widget_title":"Get In Touch"}
[06:25:36 UTC] [INFO] Widget import process completed | Context: {"total_sidebars_processed":5,"successful_imports":10,"warnings":0,"errors":0,"total_widgets_processed":10}
[06:25:36 UTC] [INFO] Retrieving current sidebars and widgets
[06:25:36 UTC] [INFO] Backing up old widgets data | Context: {"sidebars_count":11}
[06:25:36 UTC] [SUCCESS] Widgets import completed successfully
[06:25:36 UTC] [SUCCESS] Widget Imported!
[06:25:36 UTC] [INFO] Image subsizes deferral enabled for import
[06:25:37 UTC] [INFO] ---

[06:25:37 UTC] [INFO] Setting site data: site-colors
[06:25:37 UTC] [INFO] Image subsizes deferral enabled for import
[06:25:37 UTC] [INFO] ---

[06:25:37 UTC] [INFO] Setting site data: site-typography
[06:25:38 UTC] [INFO] Image subsizes deferral enabled for import
[06:25:38 UTC] [INFO] ---

[06:25:38 UTC] [INFO] Starting import end process
[06:25:38 UTC] [INFO] Finalizing import process
[06:25:38 UTC] [INFO] Setting permalink structure to post name
[06:25:38 UTC] [INFO] Executing import complete actions
[06:25:38 UTC] [INFO] Batch processing started
[06:25:38 UTC] [INFO] Batch processing queue created | Context: {"total_classes":7,"attachment_count":15,"has_images":true}
[06:25:39 UTC] [INFO] Batch processing queue dispatched to background
[06:25:39 UTC] [INFO] Batch Process Started..
[06:25:39 UTC] [INFO] Starter Templates - Importing Images for Blog name 'eSafeRide' (1)
[06:25:40 UTC] [SUCCESS] Import completed successfully!
[06:25:44 UTC] [INFO] Import process completed. Cleaning up log file option.